This is pdfTeX, Version 3.14159-1.10b (Web2C 7.4.5) (format=pdflatex 2007.11.9)  25 AUG 2008 11:44
**judgeit
(./judgeit.tex{/usr/share/texmf/pdftex/config/pdftex.cfg}
LaTeX2e <2001/06/01>
Babel <v3.7h> and hyphenation patterns for american, french, german, ngerman, n
ohyphenation, loaded.
(/usr/share/texmf/tex/latex/base/article.cls
Document Class: article 2001/04/21 v1.4e Standard LaTeX document class
(/usr/share/texmf/tex/latex/base/size10.clo
File: size10.clo 2001/04/21 v1.4e Standard LaTeX file (size option)
)
\c@part=\count79
\c@section=\count80
\c@subsection=\count81
\c@subsubsection=\count82
\c@paragraph=\count83
\c@subparagraph=\count84
\c@figure=\count85
\c@table=\count86
\abovecaptionskip=\skip41
\belowcaptionskip=\skip42
\bibindent=\dimen102
)
(/usr/share/texmf/tex/latex/base/makeidx.sty
Package: makeidx 2000/03/29 v1.0m Standard LaTeX package
)
(/usr/share/texmf/tex/latex/graphics/graphicx.sty
Package: graphicx 1999/02/16 v1.0f Enhanced LaTeX Graphics (DPC,SPQR)

(/usr/share/texmf/tex/latex/graphics/keyval.sty
Package: keyval 1999/03/16 v1.13 key=value parser (DPC)
\KV@toks@=\toks14
)
(/usr/share/texmf/tex/latex/graphics/graphics.sty
Package: graphics 2001/07/07 v1.0n Standard LaTeX Graphics (DPC,SPQR)

(/usr/share/texmf/tex/latex/graphics/trig.sty
Package: trig 1999/03/16 v1.09 sin cos tan (DPC)
)
(/usr/share/texmf/tex/latex/config/graphics.cfg
File: graphics.cfg 2001/08/31 v1.1 graphics configuration of teTeX/TeXLive
)
Package graphics Info: Driver file: pdftex.def on input line 80.

(/usr/share/texmf/tex/latex/graphics/pdftex.def
File: pdftex.def 2002/06/19 v0.03k graphics/color for pdftex
\Gread@gobject=\count87
))
\Gin@req@height=\dimen103
\Gin@req@width=\dimen104
)
(/usr/share/texmf/tex/latex/natbib/natbib.sty
Package: natbib 2000/07/24 7.0a (PWD)
\bibhang=\skip43
\bibsep=\skip44
LaTeX Info: Redefining \cite on input line 508.
\c@NAT@ctr=\count88
)
(/usr/share/texmf/tex/latex/amsmath/amsmath.sty
Package: amsmath 2000/07/18 v2.13 AMS math features
\@mathmargin=\skip45

For additional information on amsmath, use the `?' option.
(/usr/share/texmf/tex/latex/amsmath/amstext.sty
Package: amstext 2000/06/29 v2.01

(/usr/share/texmf/tex/latex/amsmath/amsgen.sty
File: amsgen.sty 1999/11/30 v2.0
\@emptytoks=\toks15
\ex@=\dimen105
))
(/usr/share/texmf/tex/latex/amsmath/amsbsy.sty
Package: amsbsy 1999/11/29 v1.2d
\pmbraise@=\dimen106
)
(/usr/share/texmf/tex/latex/amsmath/amsopn.sty
Package: amsopn 1999/12/14 v2.01 operator names
)
\inf@bad=\count89
LaTeX Info: Redefining \frac on input line 211.
\uproot@=\count90
\leftroot@=\count91
LaTeX Info: Redefining \overline on input line 307.
\classnum@=\count92
\DOTSCASE@=\count93
LaTeX Info: Redefining \ldots on input line 379.
LaTeX Info: Redefining \dots on input line 382.
LaTeX Info: Redefining \cdots on input line 467.
\Mathstrutbox@=\box26
\strutbox@=\box27
\big@size=\dimen107
LaTeX Font Info:    Redeclaring font encoding OML on input line 567.
LaTeX Font Info:    Redeclaring font encoding OMS on input line 568.
\macc@depth=\count94
\c@MaxMatrixCols=\count95
\dotsspace@=\muskip10
\c@parentequation=\count96
\dspbrk@lvl=\count97
\tag@help=\toks16
\row@=\count98
\column@=\count99
\maxfields@=\count100
\andhelp@=\toks17
\eqnshift@=\dimen108
\alignsep@=\dimen109
\tagshift@=\dimen110
\tagwidth@=\dimen111
\totwidth@=\dimen112
\lineht@=\dimen113
\@envbody=\toks18
\multlinegap=\skip46
\multlinetaggap=\skip47
\mathdisplay@stack=\toks19
LaTeX Info: Redefining \[ on input line 2666.
LaTeX Info: Redefining \] on input line 2667.
)
(/usr/share/texmf/tex/latex/amsfonts/amssymb.sty
Package: amssymb 2002/01/22 v2.2d

(/usr/share/texmf/tex/latex/amsfonts/amsfonts.sty
Package: amsfonts 2001/10/25 v2.2f
\symAMSa=\mathgroup4
\symAMSb=\mathgroup5
LaTeX Font Info:    Overwriting math alphabet `\mathfrak' in version `bold'
(Font)                  U/euf/m/n --> U/euf/b/n on input line 132.
))
(/usr/share/texmf/tex/latex/tools/verbatim.sty
Package: verbatim 2001/03/12 v1.5p LaTeX2e package for verbatim enhancements
\every@verbatim=\toks20
\verbatim@line=\toks21
\verbatim@in@stream=\read1
)
(/usr/share/texmf/tex/generic/misc/epsf.tex
This is `epsf.tex' v2.7k <10 July 1997>
\epsffilein=\read2
\epsfframemargin=\dimen114
\epsfframethickness=\dimen115
\epsfrsize=\dimen116
\epsftmp=\dimen117
\epsftsize=\dimen118
\epsfxsize=\dimen119
\epsfysize=\dimen120
\pspoints=\dimen121
\epsfnoopenhelp=\toks22
) (/usr/share/latex2html/texinputs/url.sty
Package: url 1999/03/02  ver 1.4  Verb mode for urls, email addresses, and file
 names
)
(/usr/share/latex2html/texinputs/html.sty
(/usr/share/texmf/tex/latex/hyperref/hyperref.sty
Package: hyperref 2003/01/22 v6.73n Hypertext links for LaTeX
\@linkdim=\dimen122
\Hy@linkcounter=\count101
\Hy@pagecounter=\count102

(/usr/share/texmf/tex/latex/hyperref/pd1enc.def
File: pd1enc.def 2003/01/22 v6.73n Hyperref: PDFDocEncoding definition (HO)
)
(/usr/share/texmf/tex/latex/config/hyperref.cfg
File: hyperref.cfg 2002/06/06 v1.2 hyperref configuration of TeXLive and teTeX
)
Package hyperref Info: Hyper figures OFF on input line 1792.
Package hyperref Info: Link nesting OFF on input line 1797.
Package hyperref Info: Hyper index ON on input line 1800.
Package hyperref Info: Plain pages ON on input line 1805.
Package hyperref Info: Backreferencing OFF on input line 1812.

Implicit mode ON; LaTeX internals redefined
Package hyperref Info: Bookmarks ON on input line 1916.
LaTeX Info: Redefining \url on input line 2055.
\Fld@menulength=\count103
\Field@Width=\dimen123
\Fld@charsize=\dimen124
\Choice@toks=\toks23
\Field@toks=\toks24
Package hyperref Info: Hyper figures OFF on input line 2513.
Package hyperref Info: Link nesting OFF on input line 2518.
Package hyperref Info: Hyper index ON on input line 2521.
Package hyperref Info: backreferencing OFF on input line 2528.
Package hyperref Info: Link coloring OFF on input line 2533.
\c@Item=\count104
\c@Hfootnote=\count105
)
*hyperref using default driver hpdftex*
(/usr/share/texmf/tex/latex/hyperref/hpdftex.def
File: hpdftex.def 2003/01/22 v6.73n Hyperref driver for pdfTeX

(/usr/share/texmf/tex/latex/psnfss/pifont.sty
Package: pifont 2002/09/08 PSNFSS-v9.0a Pi font support (SPQR) 
LaTeX Font Info:    Try loading font information for U+pzd on input line 62.

(/usr/share/texmf/tex/latex/psnfss/upzd.fd
File: upzd.fd 2001/06/04 font definitions for U/pzd.
)
LaTeX Font Info:    Try loading font information for U+psy on input line 63.

(/usr/share/texmf/tex/latex/psnfss/upsy.fd
File: upsy.fd 2001/06/04 font definitions for U/psy.
))
\Fld@listcount=\count106
\@outlinefile=\write3
)
Package: html 1999/07/19 v1.38 hypertext commands for latex2html (nd, hws, rrm)

\c@lpart=\count107
\c@lchapter=\count108
\c@chapter=\count109
\c@lsection=\count110
\c@lsubsection=\count111
\c@lsubsubsection=\count112
\c@lparagraph=\count113
\c@lsubparagraph=\count114
\c@lsubsubparagraph=\count115
\ptrfile=\write4
)
(/usr/share/texmf/tex/latex/tools/dcolumn.sty
Package: dcolumn 2001/05/28 v1.06 decimal alignment package (DPC)

(/usr/share/texmf/tex/latex/tools/array.sty
Package: array 1998/05/13 v2.3m Tabular extension package (FMi)
\col@sep=\dimen125
\extrarowheight=\dimen126
\NC@list=\toks25
\extratabsurround=\skip48
\backup@length=\skip49
))
(/usr/share/texmf/tex/latex/tools/longtable.sty
Package: longtable 2000/10/22 v4.10 Multi-page Table package (DPC)
\LTleft=\skip50
\LTright=\skip51
\LTpre=\skip52
\LTpost=\skip53
\LTchunksize=\count116
\LTcapwidth=\dimen127
\LT@head=\box28
\LT@firsthead=\box29
\LT@foot=\box30
\LT@lastfoot=\box31
\LT@cols=\count117
\LT@rows=\count118
\c@LT@tables=\count119
\c@LT@chunks=\count120
\LT@p@ftn=\toks26
)
(/usr/share/texmf/tex/latex/misc/vmargin.sty
Package: vmargin 2000/08/01

Package: vmargin 2000/08/01 V2.3 (VK) set document margins
\PaperWidth=\dimen128
\PaperHeight=\dimen129
)
\@indexfile=\write5
\openout5 = `judgeit.idx'.


Writing index file judgeit.idx
(./judgeit.aux)
\openout1 = `judgeit.aux'.

LaTeX Font Info:    Checking defaults for OML/cmm/m/it on input line 50.
LaTeX Font Info:    ... okay on input line 50.
LaTeX Font Info:    Checking defaults for T1/cmr/m/n on input line 50.
LaTeX Font Info:    ... okay on input line 50.
LaTeX Font Info:    Checking defaults for OT1/cmr/m/n on input line 50.
LaTeX Font Info:    ... okay on input line 50.
LaTeX Font Info:    Checking defaults for OMS/cmsy/m/n on input line 50.
LaTeX Font Info:    ... okay on input line 50.
LaTeX Font Info:    Checking defaults for OMX/cmex/m/n on input line 50.
LaTeX Font Info:    ... okay on input line 50.
LaTeX Font Info:    Checking defaults for U/cmr/m/n on input line 50.
LaTeX Font Info:    ... okay on input line 50.
LaTeX Font Info:    Checking defaults for PD1/pdf/m/n on input line 50.
LaTeX Font Info:    ... okay on input line 50.
 (/usr/share/texmf/tex/context/base/supp-pdf.tex
(/usr/share/texmf/tex/context/base/supp-mis.tex
loading : Context Support Macros / Missing
\protectiondepth=\count121
\scratchcounter=\count122
\scratchtoks=\toks27
\scratchdimen=\dimen130
\scratchskip=\skip54
\scratchmuskip=\muskip11
\scratchbox=\box32
\scratchread=\read3
\scratchwrite=\write6
\zeropoint=\dimen131
\minusone=\count123
\thousandpoint=\dimen132
\emptytoks=\toks28
\nextbox=\box33
\nextdepth=\dimen133
\everyline=\toks29
\!!counta=\count124
\!!countb=\count125
\recursecounter=\count126
)
loading : Context Support Macros / PDF
\nofMPsegments=\count127
\nofMParguments=\count128
\everyMPtoPDFconversion=\toks30
)
Package hyperref Info: Link coloring OFF on input line 50.
 (/usr/share/texmf/tex/latex/hyperref/nameref.sty
Package: nameref 2001/01/27 v2.19 Cross-referencing by name of section
\c@section@level=\count129
)
LaTeX Info: Redefining \ref on input line 50.
LaTeX Info: Redefining \pageref on input line 50.
 (./judgeit.out)
(./judgeit.out)
\openout3 = `judgeit.out'.

LaTeX Font Info:    Try loading font information for U+msa on input line 53.
 (/usr/share/texmf/tex/latex/amsfonts/umsa.fd
File: umsa.fd 2002/01/19 v2.2g AMS font definitions
)
LaTeX Font Info:    Try loading font information for U+msb on input line 53.

(/usr/share/texmf/tex/latex/amsfonts/umsb.fd
File: umsb.fd 2002/01/19 v2.2g AMS font definitions
) [1

{/usr/share/texmf/dvips/config/pdftex.map}] (./judgeit.toc

LaTeX Font Warning: Font shape `OT1/cmr/bx/sc' undefined
(Font)              using `OT1/cmr/bx/n' instead on input line 6.

)
\tf@toc=\write7
\openout7 = `judgeit.toc'.


! pdfTeX warning (ext4): destination with the same identifier (name{page.1}) ha
s been already used, duplicate ignored
<to be read again> 
                   \penalty 
l.60 \clearpage
                [1]

Package natbib Warning: Citation `GelKin94a' on page 2 undefined on input line 
64.


LaTeX Warning: Characters dropped after `\end{verbatim}' on input line 91.

[2

]
LaTeX Font Info:    Try loading font information for OMS+cmr on input line 137.

 (/usr/share/texmf/tex/latex/base/omscmr.fd
File: omscmr.fd 1999/05/25 v2.5h Standard LaTeX font definitions
)
LaTeX Font Info:    Font shape `OMS/cmr/m/n' in size <10> not available
(Font)              Font shape `OMS/cmsy/m/n' tried instead on input line 137.
 [3]
Overfull \hbox (22.81479pt too wide) in paragraph at lines 157--157
 []/cmtt10/judgeit(model.formula=vote ~ predictor1 + predictor2 + some.function
(predictor3),[] 
 []

[4] [5]
Overfull \hbox (2.95734pt too wide) in paragraph at lines 284--285
[]/cmr10/To en-able a coun-ter-fac-tual anal-y-sis, spec-ify new co-vari-ates b
y adding the op-tion /cmtt10/new.covariates
 []

[6] [7] [8] [9] [10] (./judgeit.bbl
Underfull \hbox (badness 2894) in paragraph at lines 4--8
[]/cmr10/Gelman, An-drew and Gary King. 1990/cmti10/a/cmr10/.  ``Es-ti-mat-ing 
In-cum-bency Ad-van-tage With-
 []


Underfull \hbox (badness 10000) in paragraph at lines 4--8
/cmr10/out Bias.'' /cmti10/Amer-i-can Jour-nal of Po-lit-i-cal Sci-ence /cmr10/
34(4, November):1142--1164.
 []


Underfull \hbox (badness 5050) in paragraph at lines 17--21
[]/cmr10/Gelman, An-drew and Gary King. 1994.  ``En-hanc-ing Democ-racy Through
 Leg-isla-
 []


Underfull \hbox (badness 10000) in paragraph at lines 17--21
/cmr10/tive Re-dis-trict-ing.'' /cmti10/Amer-i-can Po-lit-i-cal Sci-ence Re-vie
w /cmr10/88(3, September):541--559.
 []

[11]
Underfull \hbox (badness 2443) in paragraph at lines 24--30
[]/cmr10/Gelman, An-drew, Jonathan Katz and Gary King. 2004.  /cmti10/Re-think-
ing the Vote: The
 []


Underfull \hbox (badness 2245) in paragraph at lines 24--30
/cmti10/Pol-i-tics and Prospects of Amer-i-can Elec-to-real Re-form/cmr10/.  Ne
w York: Ox-ford Uni-ver-
 []

)

Package natbib Warning: There were undefined citations.

[12] (./judgeit.aux)

LaTeX Font Warning: Some font shapes were not available, defaults substituted.

 ) 
Here is how much of TeX's memory you used:
 4312 strings out of 95437
 53833 string characters out of 1190233
 111822 words of memory out of 1000001
 7163 multiletter control sequences out of 10000+50000
 16287 words of font info for 63 fonts, out of 500000 for 1000
 14 hyphenation exceptions out of 1000
 34i,11n,36p,1047b,407s stack positions out of 1500i,500n,5000p,200000b,5000s
 233 PDF objects out of 300000
 69 named destinations out of 131072
 93 words of extra memory for PDF output out of 65536
</usr/share/texmf/fonts/type1/bluesky/cm/cmex10.pfb>{/usr/share/texmf/dvips/t
etex/bbad153f.enc}</usr/share/texmf/fonts/type1/bluesky/cm/cmsy7.pfb>{/usr/shar
e/texmf/dvips/tetex/aae443f0.enc}</usr/share/texmf/fonts/type1/bluesky/cm/cmmi7
.pfb></usr/share/texmf/fonts/type1/bluesky/cm/cmmi10.pfb></usr/share/texmf/font
s/type1/bluesky/cm/cmsy10.pfb>{/usr/share/texmf/dvips/tetex/09fbbfac.enc}</usr/
share/texmf/fonts/type1/bluesky/cm/cmtt8.pfb></usr/share/texmf/fonts/type1/blue
sky/cm/cmtt10.pfb>{/usr/share/texmf/dvips/tetex/74afc74c.enc}</usr/share/texmf/
fonts/type1/bluesky/cm/cmti10.pfb>{/usr/share/texmf/dvips/tetex/f7b6d320.enc}</
usr/share/texmf/fonts/type1/bluesky/cm/cmr7.pfb></usr/share/texmf/fonts/type1/b
luesky/cm/cmr10.pfb></usr/share/texmf/fonts/type1/bluesky/cm/cmbx10.pfb></usr/s
hare/texmf/fonts/type1/bluesky/cm/cmbx12.pfb></usr/share/texmf/fonts/type1/blue
sky/cm/cmsy9.pfb></usr/share/texmf/fonts/type1/bluesky/cm/cmr9.pfb></usr/share/
texmf/fonts/type1/bluesky/cm/cmr6.pfb></usr/share/texmf/fonts/type1/bluesky/cm/
cmr8.pfb></usr/share/texmf/fonts/type1/bluesky/cm/cmr12.pfb></usr/share/texmf/f
onts/type1/bluesky/cm/cmr17.pfb>{/usr/share/texmf/dvips/tetex/0ef0afca.enc}</us
r/share/texmf/fonts/type1/bluesky/cm/cmcsc10.pfb>
Output written on judgeit.pdf (13 pages, 193730 bytes).
